Finished at March 18, 2013, 4:02 pm:
Message 111 of type unmatch cannot be fixed now...


Finished at March 18, 2013, 4:02 pm:
Message 129 of type unmatch cannot be fixed now...


Finished at March 18, 2013, 4:02 pm:
Message 259 of type unmatch cannot be fixed now...


Finished at March 18, 2013, 4:02 pm:
Message 386 of type unmatch cannot be fixed now...



Finished at March 20, 2013, 12:20 pm:
Message 111 of type unmatch cannot be fixed now...


Finished at March 20, 2013, 12:20 pm:
Message 129 of type unmatch cannot be fixed now...


Finished at March 20, 2013, 12:20 pm:
Message 259 of type unmatch cannot be fixed now...


Finished at March 20, 2013, 12:20 pm:
Message 386 of type unmatch cannot be fixed now...


Finished at March 20, 2013, 12:20 pm:
Message 486 has been fixed...


Finished at March 20, 2013, 12:20 pm:
Message 489 has been fixed...


Finished at April 5, 2013, 6:55 pm:
Message 111 has been fixed...


Finished at April 5, 2013, 6:55 pm:
Message 129 of type unmatch cannot be fixed now...


Finished at April 5, 2013, 6:55 pm:
Message 259 has been fixed...


Finished at April 5, 2013, 6:55 pm:
Message 386 of type unmatch cannot be fixed now...


Finished at April 5, 2013, 6:55 pm:
Message 503 has been fixed...


Finished at April 5, 2013, 6:55 pm:
Message 521 of type unmatch cannot be fixed now...


Finished at April 5, 2013, 6:55 pm:
Message 529 of type unclassified now become failure type...


Finished at April 5, 2013, 6:55 pm:
Message 545 has been fixed...


Finished at April 5, 2013, 6:55 pm:
Message 670 of type unmatch now become failure type...


Finished at April 5, 2013, 6:55 pm:
Message 671 of type unmatch cannot be fixed now...


Finished at April 5, 2013, 6:55 pm:
Message 673 of type unmatch cannot be fixed now...

Finished at April 28, 2013, 5:41 pm:
Message 129 of type unmatch cannot be fixed now...


Finished at April 28, 2013, 5:41 pm:
Message 386 of type unmatch cannot be fixed now...


Finished at April 28, 2013, 5:41 pm:
Message 521 of type unmatch cannot be fixed now...


Finished at April 28, 2013, 5:41 pm:
Message 529 of type unclassified cannot be fixed now...


Finished at April 28, 2013, 5:41 pm:
Message 670 of type failure cannot be fixed now...


Finished at April 28, 2013, 5:41 pm:
Message 671 of type unmatch cannot be fixed now...


Finished at April 28, 2013, 5:41 pm:
Message 673 of type unmatch cannot be fixed now...


Finished at April 28, 2013, 5:41 pm:
Message 685 of type failure cannot be fixed now...


Finished at April 28, 2013, 5:41 pm:
Message 711 has been fixed...


Finished at April 28, 2013, 5:41 pm:
Message 728 has been fixed...


Finished at April 28, 2013, 5:41 pm:
Message 729 has been fixed...


Finished at April 28, 2013, 5:41 pm:
Message 743 has been fixed...


Finished at April 28, 2013, 5:41 pm:
Message 745 of type unmatch cannot be fixed now...


Finished at April 28, 2013, 5:41 pm:
Message 746 of type failure cannot be fixed now...


Finished at April 28, 2013, 5:41 pm:
Message 747 has been fixed...


Finished at April 28, 2013, 5:41 pm:
Message 752 of type failure cannot be fixed now...


Finished at April 28, 2013, 5:41 pm:
Message 758 of type failure cannot be fixed now...


Finished at April 28, 2013, 5:41 pm:
Message 783 of type unmatch cannot be fixed now...


Finished at April 28, 2013, 5:41 pm:
Message 784 of type unclassified cannot be fixed now...


Finished at April 28, 2013, 5:41 pm:
Message 800 has been fixed...


Finished at April 28, 2013, 5:41 pm:
Message 804 of type unclassified cannot be fixed now...

